[90m2024-11-11T16:15:06Z[0m [32mINF[0m [1mtracer/misc/data.go:17[0m[36m >[0m [1mSet the data directory to:[0m [36mdata-dir=[0mdata
[90m2024-11-11T16:15:06Z[0m [32mINF[0m [1mtracer/main.go:104[0m[36m >[0m [1mStarting tracer...[0m
[90m2024-11-11T16:15:06Z[0m [32mINF[0m [1mtracer/tracer.go:49[0m[36m >[0m [1mInitializing tracer (chunksSize: 40960000) (logSize: 4096)[0m
[90m2024-11-11T16:15:06Z[0m [32mINF[0m [1mtracer/pkg/bpf/bpf.go:93[0m[36m >[0m [1mDetected Linux kernel version: 5.15.0-1071-azure cgroups version2: true[0m
[90m2024-11-11T16:15:06Z[0m [33mWRN[0m [1mtracer/pkg/bpf/bpf.go:106[0m[36m >[0m [1mGet host netns failed[0m [36merror=[0m[31m[1m"stat /hostproc/1/ns/pid: permission denied"[0m[0m
[90m2024-11-11T16:15:07Z[0m [32mINF[0m [1mtracer/socket/event_unix_socket.go:31[0m[36m >[0m [1mListen event unix socket:[0m [36mName=[0m/app/data/aks-agentpool-40807194-vmss00001a/syscall_event.unix
[90m2024-11-11T16:15:07Z[0m [32mINF[0m [1mtracer/socket/event_unix_socket.go:45[0m[36m >[0m [1mAccepted event unix socket:[0m [36mAddress=[0m@ [36mName=[0m/app/data/aks-agentpool-40807194-vmss00001a/syscall_event.unix
[90m2024-11-11T16:15:07Z[0m [32mINF[0m [1mtracer/socket/unix_socket.go:131[0m[36m >[0m [1mAccepted unix socket:[0m [36mAddress=[0m@ [36mName=[0mtls.unix
[90m2024-11-11T16:15:07Z[0m [32mINF[0m [1mtracer/pkg/bpf/tls_poller.go:88[0m[36m >[0m [1mStart polling for tls events[0m
[90m2024-11-11T16:15:07Z[0m [32mINF[0m [1mtracer/pkg/poller/syscall/tracer_syscall_events.go:49[0m[36m >[0m [1mPolling syscall events started[0m
[90m2024-11-11T16:15:07Z[0m [32mINF[0m [1mtracer/pkg/poller/log/bpf_logger.go:63[0m[36m >[0m [1mStart polling for bpf logs[0m
[90m2024-11-11T16:15:07Z[0m [32mINF[0m [1mtracer/pkg/poller/packets/packets_poller.go:128[0m[36m >[0m [1mStart polling for tls events[0m
2024/11/11 16:15:09 [DEBUG] GET http://kubeshark-hub:80/pods/all
2024/11/11 16:15:09 [ERR] GET http://kubeshark-hub:80/pods/all request failed: Get "http://kubeshark-hub:80/pods/all": dial tcp 10.0.114.60:80: connect: connection refused
2024/11/11 16:15:09 [DEBUG] GET http://kubeshark-hub:80/pods/all: retrying in 1s (4 left)
2024/11/11 16:15:10 [DEBUG] GET http://kubeshark-hub:80/pods/targeted
[90m2024-11-11T16:15:10Z[0m [32mINF[0m [1mtracer/tracer.go:96[0m[36m >[0m [1mUpdate targets[0m [36mAdd pods=[0m19 [36mRemove pods=[0m0
[90m2024-11-11T16:15:10Z[0m [32mINF[0m [1mtracer/tracer.go:160[0m[36m >[0m [1mCgroup has been targeted[0m [36mCgroup ID=[0m4901645 [36mContainer ID=[0mf9d90a2119a1aced5c7789f50af2f458ebed5e2425da77468beca751c01beeb5
2024/11/11 16:15:17 [DEBUG] GET http://kubeshark-hub:80/pods/all
2024/11/11 16:15:18 [DEBUG] GET http://kubeshark-hub:80/pods/targeted
[90m2024-11-11T16:15:18Z[0m [32mINF[0m [1mtracer/tracer.go:96[0m[36m >[0m [1mUpdate targets[0m [36mAdd pods=[0m0 [36mRemove pods=[0m0
2024/11/11 16:15:47 [DEBUG] GET http://kubeshark-hub:80/pods/all
2024/11/11 16:15:49 [DEBUG] GET http://kubeshark-hub:80/pods/targeted
[90m2024-11-11T16:15:49Z[0m [32mINF[0m [1mtracer/tracer.go:96[0m[36m >[0m [1mUpdate targets[0m [36mAdd pods=[0m0 [36mRemove pods=[0m0
2024/11/11 16:19:14 [DEBUG] GET http://kubeshark-hub:80/pods/all
2024/11/11 16:19:15 [DEBUG] GET http://kubeshark-hub:80/pods/targeted
[90m2024-11-11T16:19:15Z[0m [32mINF[0m [1mtracer/tracer.go:96[0m[36m >[0m [1mUpdate targets[0m [36mAdd pods=[0m0 [36mRemove pods=[0m0
