[90m2024-11-11T16:15:05Z[0m [32mINF[0m [1mtracer/misc/data.go:17[0m[36m >[0m [1mSet the data directory to:[0m [36mdata-dir=[0mdata
[90m2024-11-11T16:15:05Z[0m [32mINF[0m [1mtracer/main.go:104[0m[36m >[0m [1mStarting tracer...[0m
[90m2024-11-11T16:15:05Z[0m [32mINF[0m [1mtracer/tracer.go:49[0m[36m >[0m [1mInitializing tracer (chunksSize: 40960000) (logSize: 4096)[0m
[90m2024-11-11T16:15:05Z[0m [32mINF[0m [1mtracer/pkg/bpf/bpf.go:93[0m[36m >[0m [1mDetected Linux kernel version: 5.15.0-1071-azure cgroups version2: true[0m
[90m2024-11-11T16:15:05Z[0m [33mWRN[0m [1mtracer/pkg/bpf/bpf.go:106[0m[36m >[0m [1mGet host netns failed[0m [36merror=[0m[31m[1m"stat /hostproc/1/ns/pid: permission denied"[0m[0m
[90m2024-11-11T16:15:06Z[0m [32mINF[0m [1mtracer/socket/event_unix_socket.go:31[0m[36m >[0m [1mListen event unix socket:[0m [36mName=[0m/app/data/aks-agentpool-40807194-vmss00001c/syscall_event.unix
[90m2024-11-11T16:15:07Z[0m [32mINF[0m [1mtracer/socket/unix_socket.go:131[0m[36m >[0m [1mAccepted unix socket:[0m [36mAddress=[0m@ [36mName=[0mtls.unix
[90m2024-11-11T16:15:07Z[0m [32mINF[0m [1mtracer/pkg/poller/syscall/tracer_syscall_events.go:49[0m[36m >[0m [1mPolling syscall events started[0m
[90m2024-11-11T16:15:07Z[0m [32mINF[0m [1mtracer/pkg/poller/log/bpf_logger.go:63[0m[36m >[0m [1mStart polling for bpf logs[0m
[90m2024-11-11T16:15:07Z[0m [32mINF[0m [1mtracer/pkg/bpf/tls_poller.go:88[0m[36m >[0m [1mStart polling for tls events[0m
[90m2024-11-11T16:15:07Z[0m [32mINF[0m [1mtracer/pkg/poller/packets/packets_poller.go:128[0m[36m >[0m [1mStart polling for tls events[0m
2024/11/11 16:15:07 [DEBUG] GET http://kubeshark-hub:80/pods/all
[90m2024-11-11T16:15:07Z[0m [32mINF[0m [1mtracer/socket/event_unix_socket.go:45[0m[36m >[0m [1mAccepted event unix socket:[0m [36mAddress=[0m@ [36mName=[0m/app/data/aks-agentpool-40807194-vmss00001c/syscall_event.unix
2024/11/11 16:15:07 [ERR] GET http://kubeshark-hub:80/pods/all request failed: Get "http://kubeshark-hub:80/pods/all": dial tcp 10.0.114.60:80: connect: connection refused
2024/11/11 16:15:07 [DEBUG] GET http://kubeshark-hub:80/pods/all: retrying in 1s (4 left)
2024/11/11 16:15:08 [ERR] GET http://kubeshark-hub:80/pods/all request failed: Get "http://kubeshark-hub:80/pods/all": dial tcp 10.0.114.60:80: connect: connection refused
2024/11/11 16:15:08 [DEBUG] GET http://kubeshark-hub:80/pods/all: retrying in 2s (3 left)
2024/11/11 16:15:10 [DEBUG] GET http://kubeshark-hub:80/pods/targeted
[90m2024-11-11T16:15:10Z[0m [32mINF[0m [1mtracer/tracer.go:96[0m[36m >[0m [1mUpdate targets[0m [36mAdd pods=[0m19 [36mRemove pods=[0m0
[90m2024-11-11T16:15:10Z[0m [32mINF[0m [1mtracer/tracer.go:160[0m[36m >[0m [1mCgroup has been targeted[0m [36mCgroup ID=[0m8875479 [36mContainer ID=[0m22272fa1c9f59552f91780418774c767fff68af592f4859262a1430be65cd3e2
[90m2024-11-11T16:15:10Z[0m [32mINF[0m [1mtracer/tracer.go:160[0m[36m >[0m [1mCgroup has been targeted[0m [36mCgroup ID=[0m2512860 [36mContainer ID=[0mbc227e235275c49575ec6cc8dd02ac38c3f27a85633b8a6c7736304990722483
[90m2024-11-11T16:15:10Z[0m [32mINF[0m [1mtracer/tracer.go:160[0m[36m >[0m [1mCgroup has been targeted[0m [36mCgroup ID=[0m2513250 [36mContainer ID=[0m0839b400184cdc536e95446b4fc1d52e6b436a36d44a2f0b7f18c82d5f859ff5
[90m2024-11-11T16:15:10Z[0m [32mINF[0m [1mtracer/tracer.go:160[0m[36m >[0m [1mCgroup has been targeted[0m [36mCgroup ID=[0m6122161 [36mContainer ID=[0m19168346d2e3f2bcce5c9227371087661775e114ec84bc27bcf1c6dc81a25e6b
2024/11/11 16:15:18 [DEBUG] GET http://kubeshark-hub:80/pods/all
2024/11/11 16:15:20 [DEBUG] GET http://kubeshark-hub:80/pods/targeted
[90m2024-11-11T16:15:20Z[0m [32mINF[0m [1mtracer/tracer.go:96[0m[36m >[0m [1mUpdate targets[0m [36mAdd pods=[0m0 [36mRemove pods=[0m0
2024/11/11 16:15:47 [DEBUG] GET http://kubeshark-hub:80/pods/all
2024/11/11 16:15:47 [DEBUG] GET http://kubeshark-hub:80/pods/targeted
[90m2024-11-11T16:15:47Z[0m [32mINF[0m [1mtracer/tracer.go:96[0m[36m >[0m [1mUpdate targets[0m [36mAdd pods=[0m0 [36mRemove pods=[0m0
2024/11/11 16:19:13 [DEBUG] GET http://kubeshark-hub:80/pods/all
2024/11/11 16:19:14 [DEBUG] GET http://kubeshark-hub:80/pods/targeted
[90m2024-11-11T16:19:14Z[0m [32mINF[0m [1mtracer/tracer.go:96[0m[36m >[0m [1mUpdate targets[0m [36mAdd pods=[0m0 [36mRemove pods=[0m0
